<?xml version="1.0" encoding="UTF-8"?>
<!-- Generated by org.testng.reporters.JUnitReportReporter -->
<testsuite skipped="0" hostname="GUR00250583L" name="com.wallethub.tests.TestFacebookPage" tests="2" failures="0" timestamp="26 Dec 2019 14:44:57 GMT" time="10.665" errors="0">
  <testcase name="postStatusTest" time="5.092" classname="com.wallethub.tests.TestFacebookPage"/>
  <testcase name="loginTest" time="5.573" classname="com.wallethub.tests.TestFacebookPage"/>
</testsuite> <!-- com.wallethub.tests.TestFacebookPage -->
